<?xml version="1.0" encoding="UTF-8"?>
<testsuite xmlns:xsi="http://www.w3.org/2001/XMLSchema-instance" xsi:noNamespaceSchemaLocation="https://maven.apache.org/surefire/maven-surefire-plugin/xsd/surefire-test-report-3.0.xsd" version="3.0" name="co.com.hyunseda.market.domain.CarritoTest" time="0.176" tests="4" errors="0" skipped="0" failures="0">
  <properties>
[...]
</properties>
  <testcase name="testSetTotalArticulos" classname="co.com.hyunseda.market.domain.CarritoTest" time="0.075">
    <system-out><![CDATA[setTotalArticulos
]]></system-out>
  </testcase>
  <testcase name="testGetTotalArticulos" classname="co.com.hyunseda.market.domain.CarritoTest" time="0.003">
    <system-out><![CDATA[getTotalArticulos
]]></system-out>
  </testcase>
  <testcase name="testGetProductos" classname="co.com.hyunseda.market.domain.CarritoTest" time="0.017">
    <system-out><![CDATA[getProductos
]]></system-out>
  </testcase>
  <testcase name="testSetProductos" classname="co.com.hyunseda.market.domain.CarritoTest" time="0.004">
    <system-out><![CDATA[setProductos
]]></system-out>
  </testcase>
</testsuite>